<?xml version="1.0" encoding="utf-8"?><testsuites name="pytest tests"><testsuite name="pytest" errors="0" failures="0" skipped="0" tests="15" time="3.315" timestamp="2026-05-21T09:09:42.637194+00:00" hostname="agent-env-3fe135ba-1efd-4d52-86e6-b5aa50f13aa9"><testcase classname="backend.tests.test_lastlap_api" name="test_health" time="0.138" /><testcase classname="backend.tests.test_lastlap_api.TestAuth" name="test_login_success" time="0.271" /><testcase classname="backend.tests.test_lastlap_api.TestAuth" name="test_login_invalid" time="0.314" /><testcase classname="backend.tests.test_lastlap_api.TestAuth" name="test_me_with_bearer" time="0.311" /><testcase classname="backend.tests.test_lastlap_api.TestAuth" name="test_me_no_token" time="0.141" /><testcase classname="backend.tests.test_lastlap_api.TestAuth" name="test_register_new_user" time="0.274" /><testcase classname="backend.tests.test_lastlap_api.TestAuth" name="test_register_duplicate_email" time="0.043" /><testcase classname="backend.tests.test_lastlap_api.TestAuth" name="test_register_with_referral_awards_referrer" time="0.385" /><testcase classname="backend.tests.test_lastlap_api.TestTasks" name="test_list_tasks" time="0.052" /><testcase classname="backend.tests.test_lastlap_api.TestTasks" name="test_reset_timer" time="0.043" /><testcase classname="backend.tests.test_lastlap_api.TestTasks" name="test_start_and_complete_increments_lp" time="0.593" /><testcase classname="backend.tests.test_lastlap_api.TestTasks" name="test_start_invalid_task" time="0.049" /><testcase classname="backend.tests.test_lastlap_api.TestLeaderboard" name="test_leaderboard" time="0.046" /><testcase classname="backend.tests.test_lastlap_api.TestStats" name="test_stats_shape" time="0.464" /><testcase classname="backend.tests.test_lastlap_api.TestReferrals" name="test_referrals_me" time="0.048" /></testsuite></testsuites>